Flow report for MP3
Wed Apr 15 18:04:17 2015
Quartus II 32-bit Version 13.1.4 Build 182 03/12/2014 SJ Full Version


---------------------
; Table of Contents ;
---------------------
  1. Legal Notice
  2. Flow Summary
  3. Flow Settings
  4. Flow Non-Default Global Settings
  5. Flow Elapsed Time
  6. Flow OS Summary
  7. Flow Log
  8. Flow Messages
  9. Flow Suppressed Messages



----------------
; Legal Notice ;
----------------
Copyright (C) 1991-2014 Altera Corporation
Your use of Altera Corporation's design tools, logic functions 
and other software and tools, and its AMPP partner logic 
functions, and any output files from any of the foregoing 
(including device programming or simulation files), and any 
associated documentation or information are expressly subject 
to the terms and conditions of the Altera Program License 
Subscription Agreement, Altera MegaCore Function License 
Agreement, or other applicable license agreement, including, 
without limitation, that your use is for the sole purpose of 
programming logic devices manufactured by Altera and sold by 
Altera or its authorized distributors.  Please refer to the 
applicable agreement for further details.



+----------------------------------------------------------------------------------+
; Flow Summary                                                                     ;
+------------------------------------+---------------------------------------------+
; Flow Status                        ; Successful - Wed Apr 15 18:04:17 2015       ;
; Quartus II 32-bit Version          ; 13.1.4 Build 182 03/12/2014 SJ Full Version ;
; Revision Name                      ; MP3                                         ;
; Top-level Entity Name              ; MP3                                         ;
; Family                             ; Cyclone IV E                                ;
; Total logic elements               ; 6,759 / 15,408 ( 44 % )                     ;
;     Total combinational functions  ; 4,733 / 15,408 ( 31 % )                     ;
;     Dedicated logic registers      ; 4,907 / 15,408 ( 32 % )                     ;
; Total registers                    ; 4907                                        ;
; Total pins                         ; 276 / 344 ( 80 % )                          ;
; Total virtual pins                 ; 0                                           ;
; Total memory bits                  ; 0 / 516,096 ( 0 % )                         ;
; Embedded Multiplier 9-bit elements ; 0 / 112 ( 0 % )                             ;
; Total PLLs                         ; 0 / 4 ( 0 % )                               ;
; Device                             ; EP4CE15F23C6                                ;
; Timing Models                      ; Final                                       ;
+------------------------------------+---------------------------------------------+


+-----------------------------------------+
; Flow Settings                           ;
+-------------------+---------------------+
; Option            ; Setting             ;
+-------------------+---------------------+
; Start date & time ; 04/15/2015 18:01:57 ;
; Main task         ; Compilation         ;
; Revision Name     ; MP3                 ;
+-------------------+---------------------+


+-----------------------------------------------------------------------------------------------------------------------+
; Flow Non-Default Global Settings                                                                                      ;
+--------------------------------------+---------------------------------+---------------+-------------+----------------+
; Assignment Name                      ; Value                           ; Default Value ; Entity Name ; Section Id     ;
+--------------------------------------+---------------------------------+---------------+-------------+----------------+
; COMPILER_SIGNATURE_ID                ; 141568277634814.142913891608711 ; --            ; --          ; --             ;
; EDA_DESIGN_INSTANCE_NAME             ; NA                              ; --            ; --          ; MP3_tb         ;
; EDA_NATIVELINK_SIMULATION_TEST_BENCH ; MP3_tb                          ; --            ; --          ; eda_simulation ;
; EDA_OUTPUT_DATA_FORMAT               ; Systemverilog Hdl               ; --            ; --          ; eda_simulation ;
; EDA_SIMULATION_TOOL                  ; ModelSim-Altera (SystemVerilog) ; <None>        ; --          ; --             ;
; EDA_TEST_BENCH_ENABLE_STATUS         ; TEST_BENCH_MODE                 ; --            ; --          ; eda_simulation ;
; EDA_TEST_BENCH_FILE                  ; MP3_tb.sv                       ; --            ; --          ; MP3_tb         ;
; EDA_TEST_BENCH_FILE                  ; physical_memory.sv              ; --            ; --          ; MP3_tb         ;
; EDA_TEST_BENCH_MODULE_NAME           ; MP3_tb                          ; --            ; --          ; MP3_tb         ;
; EDA_TEST_BENCH_NAME                  ; MP3_tb                          ; --            ; --          ; eda_simulation ;
; EDA_TEST_BENCH_RUN_SIM_FOR           ; 200 ns                          ; --            ; --          ; MP3_tb         ;
; EDA_TIME_SCALE                       ; 1 ps                            ; --            ; --          ; eda_simulation ;
; PARTITION_COLOR                      ; 16764057                        ; --            ; --          ; Top            ;
; PARTITION_FITTER_PRESERVATION_LEVEL  ; PLACEMENT_AND_ROUTING           ; --            ; --          ; Top            ;
; PARTITION_NETLIST_TYPE               ; SOURCE                          ; --            ; --          ; Top            ;
; PROJECT_OUTPUT_DIRECTORY             ; output_files                    ; --            ; --          ; --             ;
+--------------------------------------+---------------------------------+---------------+-------------+----------------+


+-------------------------------------------------------------------------------------------------------------------------------+
; Flow Elapsed Time                                                                                                             ;
+---------------------------+--------------+-------------------------+---------------------+------------------------------------+
; Module Name               ; Elapsed Time ; Average Processors Used ; Peak Virtual Memory ; Total CPU Time (on all processors) ;
+---------------------------+--------------+-------------------------+---------------------+------------------------------------+
; Analysis & Synthesis      ; 00:00:21     ; 1.0                     ; 459 MB              ; 00:00:16                           ;
; Fitter                    ; 00:01:08     ; 2.1                     ; 765 MB              ; 00:01:18                           ;
; Assembler                 ; 00:00:03     ; 1.0                     ; 385 MB              ; 00:00:02                           ;
; TimeQuest Timing Analyzer ; 00:00:12     ; 1.1                     ; 542 MB              ; 00:00:11                           ;
; EDA Netlist Writer        ; 00:00:17     ; 1.0                     ; 389 MB              ; 00:00:10                           ;
; Total                     ; 00:02:01     ; --                      ; --                  ; 00:01:57                           ;
+---------------------------+--------------+-------------------------+---------------------+------------------------------------+


+------------------------------------------------------------------------------------------------------------+
; Flow OS Summary                                                                                            ;
+---------------------------+-------------------------------+------------------+------------+----------------+
; Module Name               ; Machine Hostname              ; OS Name          ; OS Version ; Processor type ;
+---------------------------+-------------------------------+------------------+------------+----------------+
; Analysis & Synthesis      ; gelib-057-07.ews.illinois.edu ; Scientific Linux ; 6          ; x86_64         ;
; Fitter                    ; gelib-057-07.ews.illinois.edu ; Scientific Linux ; 6          ; x86_64         ;
; Assembler                 ; gelib-057-07.ews.illinois.edu ; Scientific Linux ; 6          ; x86_64         ;
; TimeQuest Timing Analyzer ; gelib-057-07.ews.illinois.edu ; Scientific Linux ; 6          ; x86_64         ;
; EDA Netlist Writer        ; gelib-057-07.ews.illinois.edu ; Scientific Linux ; 6          ; x86_64         ;
+---------------------------+-------------------------------+------------------+------------+----------------+


------------
; Flow Log ;
------------
quartus_map --read_settings_files=on --write_settings_files=off MP3 -c MP3
quartus_fit --read_settings_files=off --write_settings_files=off MP3 -c MP3
quartus_asm --read_settings_files=off --write_settings_files=off MP3 -c MP3
quartus_sta MP3 -c MP3
quartus_eda --read_settings_files=off --write_settings_files=off MP3 -c MP3



